1696656452768	geckodriver	INFO	Listening on 127.0.0.1:65408
1696656453241	mozrunner::runner	INFO	Running command: MOZ_CRASHREPORTER="1" MOZ_CRASHREPORTER_NO_REPORT="1" MOZ_CRASHREPORTER_SHUTDOWN="1" MOZ_NO_REMOTE="1" "/App ... s" "localhost" "-foreground" "-no-remote" "-profile" "/var/folders/_y/l226jw0d6471_9ymz09nf6z00000gn/T/rust_mozprofileRSU5DV"
console.warn: services.settings: Ignoring preference override of remote settings server
console.warn: services.settings: Allow by setting MOZ_REMOTE_SETTINGS_DEVTOOLS=1 in the environment
1696656453567	Marionette	INFO	Marionette enabled
console.error: "Warning: unrecognized command line flag" "-remote-allow-hosts"
1696656453714	Marionette	INFO	Listening on port 65422
WebDriver BiDi listening on ws://127.0.0.1:65409
Read port: 65422
1696656453854	RemoteAgent	WARN	TLS certificate errors will be ignored for this session
UNSUPPORTED (log once): POSSIBLE ISSUE: unit 1 GLD_TEXTURE_INDEX_2D is unloadable and bound to sampler type (Float) - using zero texture because texture unloadable
DevTools listening on ws://127.0.0.1:65409/devtools/browser/be625d99-39f1-48f8-84b3-b45e85d782e0
JavaScript warning: https://cdn.intergient.com/pageos/1.10.15/videoCard.e9a12be02bf0a5088f3e.js, line 1: WEBGL_debug_renderer_info is deprecated in Firefox and will be removed. Please use RENDERER.
JavaScript warning: https://z.moatads.com/playwireprebidheader597261727146/moatheader.js, line 145: WEBGL_debug_renderer_info is deprecated in Firefox and will be removed. Please use RENDERER.
JavaScript warning: https://pagead2.googlesyndication.com/bg/YeTNF82ErcXtSc42GSWrie2SEIEL8DxR64dbf1nZkSc.js line 2 > eval line 6767 > eval line 1 > eval line 1 > eval, line 1: WEBGL_debug_renderer_info is deprecated in Firefox and will be removed. Please use RENDERER.
1696656459619	Marionette	INFO	Stopped listening on port 65422
JavaScript warning: https://recipesdirect.com/_next/static/chunks/pages/_app-a90477aa69e8b45b.js, line 33: Script terminated by timeout at:
findIframes@https://recipesdirect.com/_next/static/chunks/pages/_app-a90477aa69e8b45b.js:33:18133

1696662052565	geckodriver	INFO	Listening on 127.0.0.1:49898
1696662053051	mozrunner::runner	INFO	Running command: MOZ_CRASHREPORTER="1" MOZ_CRASHREPORTER_NO_REPORT="1" MOZ_CRASHREPORTER_SHUTDOWN="1" MOZ_NO_REMOTE="1" "/App ... s" "localhost" "-foreground" "-no-remote" "-profile" "/var/folders/_y/l226jw0d6471_9ymz09nf6z00000gn/T/rust_mozprofile9nGZAq"
console.warn: services.settings: Ignoring preference override of remote settings server
console.warn: services.settings: Allow by setting MOZ_REMOTE_SETTINGS_DEVTOOLS=1 in the environment
1696662053354	Marionette	INFO	Marionette enabled
console.error: "Warning: unrecognized command line flag" "-remote-allow-hosts"
1696662053474	Marionette	INFO	Listening on port 49915
WebDriver BiDi listening on ws://127.0.0.1:49899
Read port: 49915
1696662053623	RemoteAgent	WARN	TLS certificate errors will be ignored for this session
UNSUPPORTED (log once): POSSIBLE ISSUE: unit 1 GLD_TEXTURE_INDEX_2D is unloadable and bound to sampler type (Float) - using zero texture because texture unloadable
DevTools listening on ws://127.0.0.1:49899/devtools/browser/40dd0897-ea0b-44aa-8bfb-631f886ada9e
JavaScript warning: https://cdn.intergient.com/pageos/1.10.15/videoCard.e9a12be02bf0a5088f3e.js, line 1: WEBGL_debug_renderer_info is deprecated in Firefox and will be removed. Please use RENDERER.
JavaScript warning: https://z.moatads.com/playwireprebidheader597261727146/moatheader.js, line 145: WEBGL_debug_renderer_info is deprecated in Firefox and will be removed. Please use RENDERER.
JavaScript warning: https://pagead2.googlesyndication.com/bg/YeTNF82ErcXtSc42GSWrie2SEIEL8DxR64dbf1nZkSc.js line 2 > eval line 767 > eval line 1 > eval line 1 > eval, line 1: WEBGL_debug_renderer_info is deprecated in Firefox and will be removed. Please use RENDERER.
JavaScript warning: https://z.moatads.com/playwiregamimasdk625456744951/moatvideo.js#_moatApi68262202, line 290: WEBGL_debug_renderer_info is deprecated in Firefox and will be removed. Please use RENDERER.
JavaScript warning: https://imasdk.googleapis.com/js/core/bridge3.594.0_en.html#goog_1238723353, line 407: Script terminated by timeout at:
Wy@https://imasdk.googleapis.com/js/core/bridge3.594.0_en.html#goog_1238723353:407:310
$y/this.fa@https://imasdk.googleapis.com/js/core/bridge3.594.0_en.html#goog_1238723353:404:90

JavaScript warning: https://imasdk.googleapis.com/js/core/bridge3.594.0_en.html#goog_1238723355, line 407: Script terminated by timeout at:
Wy@https://imasdk.googleapis.com/js/core/bridge3.594.0_en.html#goog_1238723355:407:310
$y/this.fa@https://imasdk.googleapis.com/js/core/bridge3.594.0_en.html#goog_1238723355:404:90

JavaScript warning: https://imasdk.googleapis.com/js/core/bridge3.594.0_en.html#goog_1238723357, line 407: Script terminated by timeout at:
Wy@https://imasdk.googleapis.com/js/core/bridge3.594.0_en.html#goog_1238723357:407:310
$y/this.fa@https://imasdk.googleapis.com/js/core/bridge3.594.0_en.html#goog_1238723357:404:90

JavaScript warning: https://imasdk.googleapis.com/js/core/bridge3.594.0_en.html#goog_1238723359, line 407: Script terminated by timeout at:
Wy@https://imasdk.googleapis.com/js/core/bridge3.594.0_en.html#goog_1238723359:407:310
$y/this.fa@https://imasdk.googleapis.com/js/core/bridge3.594.0_en.html#goog_1238723359:404:90

JavaScript warning: https://imasdk.googleapis.com/js/core/bridge3.594.0_en.html#goog_1238723361, line 407: Script terminated by timeout at:
Wy@https://imasdk.googleapis.com/js/core/bridge3.594.0_en.html#goog_1238723361:407:310
$y/this.fa@https://imasdk.googleapis.com/js/core/bridge3.594.0_en.html#goog_1238723361:404:90

JavaScript warning: https://imasdk.googleapis.com/js/core/bridge3.594.0_en.html#goog_1238723363, line 53: Script terminated by timeout at:
Ta@https://imasdk.googleapis.com/js/core/bridge3.594.0_en.html#goog_1238723363:53:306
$y.prototype.sendBeacon@https://imasdk.googleapis.com/js/core/bridge3.594.0_en.html#goog_1238723363:409:271
Xy@https://imasdk.googleapis.com/js/core/bridge3.594.0_en.html#goog_1238723363:408:144
$y/this.fa@https://imasdk.googleapis.com/js/core/bridge3.594.0_en.html#goog_1238723363:404:403

JavaScript warning: https://imasdk.googleapis.com/js/core/bridge3.594.0_en.html#goog_1238723365, line 407: Script terminated by timeout at:
Wy@https://imasdk.googleapis.com/js/core/bridge3.594.0_en.html#goog_1238723365:407:310
$y/this.fa@https://imasdk.googleapis.com/js/core/bridge3.594.0_en.html#goog_1238723365:404:90

JavaScript warning: https://imasdk.googleapis.com/js/core/bridge3.594.0_en.html#goog_1238723367, line 407: Script terminated by timeout at:
Wy@https://imasdk.googleapis.com/js/core/bridge3.594.0_en.html#goog_1238723367:407:310
$y/this.fa@https://imasdk.googleapis.com/js/core/bridge3.594.0_en.html#goog_1238723367:404:90

JavaScript warning: https://imasdk.googleapis.com/js/core/bridge3.594.0_en.html#goog_1238723369, line 407: Script terminated by timeout at:
Wy@https://imasdk.googleapis.com/js/core/bridge3.594.0_en.html#goog_1238723369:407:310
$y/this.fa@https://imasdk.googleapis.com/js/core/bridge3.594.0_en.html#goog_1238723369:404:90

JavaScript warning: https://imasdk.googleapis.com/js/core/bridge3.594.0_en.html#goog_1238723371, line 407: Script terminated by timeout at:
Wy@https://imasdk.googleapis.com/js/core/bridge3.594.0_en.html#goog_1238723371:407:310
$y/this.fa@https://imasdk.googleapis.com/js/core/bridge3.594.0_en.html#goog_1238723371:404:90

JavaScript warning: https://imasdk.googleapis.com/js/core/bridge3.594.0_en.html#goog_1238723373, line 407: Script terminated by timeout at:
Wy@https://imasdk.googleapis.com/js/core/bridge3.594.0_en.html#goog_1238723373:407:310
$y/this.fa@https://imasdk.googleapis.com/js/core/bridge3.594.0_en.html#goog_1238723373:404:90

JavaScript warning: https://imasdk.googleapis.com/js/core/bridge3.594.0_en.html#goog_1238723375, line 407: Script terminated by timeout at:
Wy@https://imasdk.googleapis.com/js/core/bridge3.594.0_en.html#goog_1238723375:407:310
$y/this.fa@https://imasdk.googleapis.com/js/core/bridge3.594.0_en.html#goog_1238723375:404:90

JavaScript warning: https://pagead2.googlesyndication.com/bg/GsA0opaeSuQuy-lmi5lGjpCuNVb8V7iM3aRf4cGq52I.js line 2 > eval line 2708 > eval line 1 > eval line 1 > eval, line 1: WEBGL_debug_renderer_info is deprecated in Firefox and will be removed. Please use RENDERER.
JavaScript warning: https://imasdk.googleapis.com/js/core/bridge3.594.0_en.html#goog_1238723377, line 407: Script terminated by timeout at:
Wy@https://imasdk.googleapis.com/js/core/bridge3.594.0_en.html#goog_1238723377:407:310
$y/this.fa@https://imasdk.googleapis.com/js/core/bridge3.594.0_en.html#goog_1238723377:404:90

JavaScript warning: https://imasdk.googleapis.com/js/core/bridge3.594.0_en.html#goog_1238723379, line 407: Script terminated by timeout at:
Wy@https://imasdk.googleapis.com/js/core/bridge3.594.0_en.html#goog_1238723379:407:310
$y/this.fa@https://imasdk.googleapis.com/js/core/bridge3.594.0_en.html#goog_1238723379:404:90

JavaScript warning: https://imasdk.googleapis.com/js/core/bridge3.594.0_en.html#goog_1238723381, line 407: Script terminated by timeout at:
Wy@https://imasdk.googleapis.com/js/core/bridge3.594.0_en.html#goog_1238723381:407:218
$y/this.fa@https://imasdk.googleapis.com/js/core/bridge3.594.0_en.html#goog_1238723381:404:90

JavaScript warning: https://imasdk.googleapis.com/js/core/bridge3.594.0_en.html#goog_1238723383, line 407: Script terminated by timeout at:
Wy@https://imasdk.googleapis.com/js/core/bridge3.594.0_en.html#goog_1238723383:407:310
$y/this.fa@https://imasdk.googleapis.com/js/core/bridge3.594.0_en.html#goog_1238723383:404:90

JavaScript warning: https://imasdk.googleapis.com/js/core/bridge3.594.0_en.html#goog_1238723385, line 407: Script terminated by timeout at:
Wy@https://imasdk.googleapis.com/js/core/bridge3.594.0_en.html#goog_1238723385:407:218
$y/this.fa@https://imasdk.googleapis.com/js/core/bridge3.594.0_en.html#goog_1238723385:404:90

JavaScript warning: https://imasdk.googleapis.com/js/core/bridge3.594.0_en.html#goog_1238723387, line 407: Script terminated by timeout at:
Wy@https://imasdk.googleapis.com/js/core/bridge3.594.0_en.html#goog_1238723387:407:310
$y/this.fa@https://imasdk.googleapis.com/js/core/bridge3.594.0_en.html#goog_1238723387:404:90

JavaScript warning: https://imasdk.googleapis.com/js/core/bridge3.594.0_en.html#goog_1238723389, line 407: Script terminated by timeout at:
Wy@https://imasdk.googleapis.com/js/core/bridge3.594.0_en.html#goog_1238723389:407:218
$y/this.fa@https://imasdk.googleapis.com/js/core/bridge3.594.0_en.html#goog_1238723389:404:90

JavaScript warning: https://imasdk.googleapis.com/js/core/bridge3.594.0_en.html#goog_1238723391, line 100: Script terminated by timeout at:
Qg@https://imasdk.googleapis.com/js/core/bridge3.594.0_en.html#goog_1238723391:100:1751
Vy@https://imasdk.googleapis.com/js/core/bridge3.594.0_en.html#goog_1238723391:402:324
bz@https://imasdk.googleapis.com/js/core/bridge3.594.0_en.html#goog_1238723391:408:331
$y.prototype.sendBeacon@https://imasdk.googleapis.com/js/core/bridge3.594.0_en.html#goog_1238723391:409:101
Xy@https://imasdk.googleapis.com/js/core/bridge3.594.0_en.html#goog_1238723391:408:144
$y/this.fa@https://imasdk.googleapis.com/js/core/bridge3.594.0_en.html#goog_1238723391:404:403

JavaScript warning: https://imasdk.googleapis.com/js/core/bridge3.594.0_en.html#goog_1238723393, line 407: Script terminated by timeout at:
Wy@https://imasdk.googleapis.com/js/core/bridge3.594.0_en.html#goog_1238723393:407:310
$y/this.fa@https://imasdk.googleapis.com/js/core/bridge3.594.0_en.html#goog_1238723393:404:90

JavaScript warning: https://imasdk.googleapis.com/js/core/bridge3.594.0_en.html#goog_1238723395, line 407: Script terminated by timeout at:
Wy@https://imasdk.googleapis.com/js/core/bridge3.594.0_en.html#goog_1238723395:407:218
$y/this.fa@https://imasdk.googleapis.com/js/core/bridge3.594.0_en.html#goog_1238723395:404:90

JavaScript warning: https://imasdk.googleapis.com/js/core/bridge3.594.0_en.html#goog_1238723397, line 100: Script terminated by timeout at:
Qg@https://imasdk.googleapis.com/js/core/bridge3.594.0_en.html#goog_1238723397:100:1751
Vy@https://imasdk.googleapis.com/js/core/bridge3.594.0_en.html#goog_1238723397:402:324
bz@https://imasdk.googleapis.com/js/core/bridge3.594.0_en.html#goog_1238723397:408:331
$y.prototype.sendBeacon@https://imasdk.googleapis.com/js/core/bridge3.594.0_en.html#goog_1238723397:409:101
Xy@https://imasdk.googleapis.com/js/core/bridge3.594.0_en.html#goog_1238723397:408:144
$y/this.fa@https://imasdk.googleapis.com/js/core/bridge3.594.0_en.html#goog_1238723397:404:403

JavaScript warning: https://imasdk.googleapis.com/js/core/bridge3.594.0_en.html#goog_1238723399, line 407: Script terminated by timeout at:
Wy@https://imasdk.googleapis.com/js/core/bridge3.594.0_en.html#goog_1238723399:407:218
$y/this.fa@https://imasdk.googleapis.com/js/core/bridge3.594.0_en.html#goog_1238723399:404:90

JavaScript warning: https://imasdk.googleapis.com/js/core/bridge3.594.0_en.html#goog_1238723401, line 407: Script terminated by timeout at:
Wy@https://imasdk.googleapis.com/js/core/bridge3.594.0_en.html#goog_1238723401:407:218
$y/this.fa@https://imasdk.googleapis.com/js/core/bridge3.594.0_en.html#goog_1238723401:404:90

JavaScript warning: https://imasdk.googleapis.com/js/core/bridge3.594.0_en.html#goog_1238723403, line 407: Script terminated by timeout at:
Wy@https://imasdk.googleapis.com/js/core/bridge3.594.0_en.html#goog_1238723403:407:310
$y/this.fa@https://imasdk.googleapis.com/js/core/bridge3.594.0_en.html#goog_1238723403:404:90

JavaScript warning: https://imasdk.googleapis.com/js/core/bridge3.594.0_en.html#goog_1238723405, line 407: Script terminated by timeout at:
Wy@https://imasdk.googleapis.com/js/core/bridge3.594.0_en.html#goog_1238723405:407:310
$y/this.fa@https://imasdk.googleapis.com/js/core/bridge3.594.0_en.html#goog_1238723405:404:90

JavaScript warning: https://imasdk.googleapis.com/js/core/bridge3.594.0_en.html#goog_1238723407, line 407: Script terminated by timeout at:
Wy@https://imasdk.googleapis.com/js/core/bridge3.594.0_en.html#goog_1238723407:407:310
$y/this.fa@https://imasdk.googleapis.com/js/core/bridge3.594.0_en.html#goog_1238723407:404:90

JavaScript warning: https://imasdk.googleapis.com/js/core/bridge3.594.0_en.html#goog_1238723409, line 407: Script terminated by timeout at:
Wy@https://imasdk.googleapis.com/js/core/bridge3.594.0_en.html#goog_1238723409:407:310
$y/this.fa@https://imasdk.googleapis.com/js/core/bridge3.594.0_en.html#goog_1238723409:404:90

JavaScript warning: https://imasdk.googleapis.com/js/core/bridge3.594.0_en.html#goog_1238723411, line 407: Script terminated by timeout at:
Wy@https://imasdk.googleapis.com/js/core/bridge3.594.0_en.html#goog_1238723411:407:310
$y/this.fa@https://imasdk.googleapis.com/js/core/bridge3.594.0_en.html#goog_1238723411:404:90

JavaScript warning: https://pagead2.googlesyndication.com/bg/17MduF4b-1jBNLlm7tOdf7Y0xxmC-v9YXeZb_9D--DE.js line 2 > eval line 3557 > eval line 1 > eval line 1 > eval, line 1: WEBGL_debug_renderer_info is deprecated in Firefox and will be removed. Please use RENDERER.
JavaScript warning: https://imasdk.googleapis.com/js/core/bridge3.594.0_en.html#goog_1238723413, line 407: Script terminated by timeout at:
Wy@https://imasdk.googleapis.com/js/core/bridge3.594.0_en.html#goog_1238723413:407:310
$y/this.fa@https://imasdk.googleapis.com/js/core/bridge3.594.0_en.html#goog_1238723413:404:90

JavaScript warning: https://imasdk.googleapis.com/js/core/bridge3.594.0_en.html#goog_1238723415, line 407: Script terminated by timeout at:
Wy@https://imasdk.googleapis.com/js/core/bridge3.594.0_en.html#goog_1238723415:407:310
$y/this.fa@https://imasdk.googleapis.com/js/core/bridge3.594.0_en.html#goog_1238723415:404:90

Missing chrome or resource URL: chrome://browser/skin/aboutSessionRestore-window-icon.png
Missing chrome or resource URL: chrome://browser/skin/abyss/img/waterfox-abyss-preview.svg
JavaScript warning: https://imasdk.googleapis.com/js/core/bridge3.594.0_en.html#goog_1238723417, line 454: Script terminated by timeout at:
JB@https://imasdk.googleapis.com/js/core/bridge3.594.0_en.html#goog_1238723417:454:42
KB/<@https://imasdk.googleapis.com/js/core/bridge3.594.0_en.html#goog_1238723417:448:986
$y/this.fa@https://imasdk.googleapis.com/js/core/bridge3.594.0_en.html#goog_1238723417:404:164

JavaScript warning: https://pagead2.googlesyndication.com/bg/17MduF4b-1jBNLlm7tOdf7Y0xxmC-v9YXeZb_9D--DE.js line 2 > eval line 439 > eval line 1 > eval line 1 > eval, line 1: WEBGL_debug_renderer_info is deprecated in Firefox and will be removed. Please use RENDERER.
JavaScript warning: https://imasdk.googleapis.com/js/core/bridge3.594.0_en.html#goog_1238723419, line 407: Script terminated by timeout at:
Wy@https://imasdk.googleapis.com/js/core/bridge3.594.0_en.html#goog_1238723419:407:218
$y/this.fa@https://imasdk.googleapis.com/js/core/bridge3.594.0_en.html#goog_1238723419:404:90

JavaScript warning: https://pagead2.googlesyndication.com/bg/17MduF4b-1jBNLlm7tOdf7Y0xxmC-v9YXeZb_9D--DE.js line 2 > eval line 5833 > eval line 1 > eval line 1 > eval, line 1: WEBGL_debug_renderer_info is deprecated in Firefox and will be removed. Please use RENDERER.
JavaScript warning: https://imasdk.googleapis.com/js/core/bridge3.594.0_en.html#goog_1238723421, line 407: Script terminated by timeout at:
Wy@https://imasdk.googleapis.com/js/core/bridge3.594.0_en.html#goog_1238723421:407:310
$y/this.fa@https://imasdk.googleapis.com/js/core/bridge3.594.0_en.html#goog_1238723421:404:90

JavaScript warning: https://pagead2.googlesyndication.com/bg/17MduF4b-1jBNLlm7tOdf7Y0xxmC-v9YXeZb_9D--DE.js line 2 > eval line 2368 > eval line 1 > eval line 1 > eval, line 1: WEBGL_debug_renderer_info is deprecated in Firefox and will be removed. Please use RENDERER.
JavaScript warning: https://imasdk.googleapis.com/js/core/bridge3.594.0_en.html#goog_1238723423, line 407: Script terminated by timeout at:
Wy@https://imasdk.googleapis.com/js/core/bridge3.594.0_en.html#goog_1238723423:407:310
$y/this.fa@https://imasdk.googleapis.com/js/core/bridge3.594.0_en.html#goog_1238723423:404:90

JavaScript warning: https://pagead2.googlesyndication.com/bg/17MduF4b-1jBNLlm7tOdf7Y0xxmC-v9YXeZb_9D--DE.js line 2 > eval line 4281 > eval line 1 > eval line 1 > eval, line 1: WEBGL_debug_renderer_info is deprecated in Firefox and will be removed. Please use RENDERER.
JavaScript warning: https://imasdk.googleapis.com/js/core/bridge3.594.0_en.html#goog_1238723425, line 454: Script terminated by timeout at:
JB@https://imasdk.googleapis.com/js/core/bridge3.594.0_en.html#goog_1238723425:454:42
KB/<@https://imasdk.googleapis.com/js/core/bridge3.594.0_en.html#goog_1238723425:448:986
$y/this.fa@https://imasdk.googleapis.com/js/core/bridge3.594.0_en.html#goog_1238723425:404:164

JavaScript warning: https://pagead2.googlesyndication.com/bg/17MduF4b-1jBNLlm7tOdf7Y0xxmC-v9YXeZb_9D--DE.js line 2 > eval line 4346 > eval line 1 > eval line 1 > eval, line 1: WEBGL_debug_renderer_info is deprecated in Firefox and will be removed. Please use RENDERER.
JavaScript warning: https://imasdk.googleapis.com/js/core/bridge3.594.0_en.html#goog_1238723427, line 407: Script terminated by timeout at:
Wy@https://imasdk.googleapis.com/js/core/bridge3.594.0_en.html#goog_1238723427:407:310
$y/this.fa@https://imasdk.googleapis.com/js/core/bridge3.594.0_en.html#goog_1238723427:404:90

JavaScript warning: https://pagead2.googlesyndication.com/bg/17MduF4b-1jBNLlm7tOdf7Y0xxmC-v9YXeZb_9D--DE.js line 2 > eval line 7490 > eval line 1 > eval line 1 > eval, line 1: WEBGL_debug_renderer_info is deprecated in Firefox and will be removed. Please use RENDERER.
JavaScript warning: https://imasdk.googleapis.com/js/core/bridge3.594.0_en.html#goog_1238723429, line 407: Script terminated by timeout at:
Wy@https://imasdk.googleapis.com/js/core/bridge3.594.0_en.html#goog_1238723429:407:310
$y/this.fa@https://imasdk.googleapis.com/js/core/bridge3.594.0_en.html#goog_1238723429:404:90

JavaScript warning: https://pagead2.googlesyndication.com/bg/17MduF4b-1jBNLlm7tOdf7Y0xxmC-v9YXeZb_9D--DE.js line 2 > eval line 1283 > eval line 1 > eval line 1 > eval, line 1: WEBGL_debug_renderer_info is deprecated in Firefox and will be removed. Please use RENDERER.
JavaScript warning: https://imasdk.googleapis.com/js/core/bridge3.594.0_en.html#goog_1238723431, line 407: Script terminated by timeout at:
Wy@https://imasdk.googleapis.com/js/core/bridge3.594.0_en.html#goog_1238723431:407:310
$y/this.fa@https://imasdk.googleapis.com/js/core/bridge3.594.0_en.html#goog_1238723431:404:90

JavaScript warning: https://pagead2.googlesyndication.com/bg/17MduF4b-1jBNLlm7tOdf7Y0xxmC-v9YXeZb_9D--DE.js line 2 > eval line 5845 > eval line 1 > eval line 1 > eval, line 1: WEBGL_debug_renderer_info is deprecated in Firefox and will be removed. Please use RENDERER.
JavaScript warning: https://gum.criteo.com/sync?r=2&c=321&gdpr=0&gdpr_pd=0&gdpr_consent=&us_privacy=&j=window.advBidxc.mnetRtusId, line 1: Script terminated by timeout at:
e.prototype.flushEventQueue@https://gum.criteo.com/sync?r=2&c=321&gdpr=0&gdpr_pd=0&gdpr_consent=&us_privacy=&j=window.advBidxc.mnetRtusId:1:29294
e/<@https://gum.criteo.com/sync?r=2&c=321&gdpr=0&gdpr_pd=0&gdpr_consent=&us_privacy=&j=window.advBidxc.mnetRtusId:1:28256

JavaScript warning: https://imasdk.googleapis.com/js/core/bridge3.594.0_en.html#goog_1238723433, line 407: Script terminated by timeout at:
Wy@https://imasdk.googleapis.com/js/core/bridge3.594.0_en.html#goog_1238723433:407:218
$y/this.fa@https://imasdk.googleapis.com/js/core/bridge3.594.0_en.html#goog_1238723433:404:90

JavaScript error: , line 0: TypeError: NetworkError when attempting to fetch resource.
JavaScript error: , line 0: TypeError: NetworkError when attempting to fetch resource.
1696778364246	Marionette	INFO	Stopped listening on port 49915
